[2024-01-23 17:13:18,847][read_data.py 41][INFO]: 加载 /Users/su/Projects/PycharmProjects/TestAutoApi/common/conf.yaml 文件......
[2024-01-23 17:13:18,849][read_data.py 49][INFO]: 读到数据 ==>>  {'host': {'api_test': 'https://mos-test.metathought.cc'}, 'mysql_db': {'switch': None, 'host': None, 'user': None, 'password': None, 'port': None}} 
[2024-01-23 17:13:18,849][read_data.py 41][INFO]: 加载 /Users/su/Projects/PycharmProjects/TestAutoApi/data/Login/test_login.yaml 文件......
[2024-01-23 17:13:18,851][read_data.py 49][INFO]: 读到数据 ==>>  {'test_password_login': [{'detail': '正常登录', 'req_data': {'dialCode': 855, 'password': 'flgpGS1oMqfvM4ewFrQSBg==', 'phone': '16628721', 'deviceType': 5}, 'except_code': 200, 'except_msg': None}, {'detail': '密码错误登录', 'req_data': {'dialCode': 855, 'password': 'sfsfdsdfsf', 'phone': '16628721', 'deviceType': 5}, 'except_code': 500, 'except_msg': '密码错误'}, {'detail': '正常登录', 'req_data': {'dialCode': 855, 'password': 'sfsfdsdfsdfsf', 'phone': '16628721', 'deviceType': 5}, 'except_code': 200, 'except_msg': None}]} 
[2024-01-23 17:13:18,857][test_login_page.py 24][INFO]: *************** 开始执行用例 ***************
[2024-01-23 17:13:18,858][test_login_page.py 13][INFO]: 步骤1 ==>> 密码登录
[2024-01-23 17:13:19,484][login.py 53][INFO]: 登录用户 ==>> 返回结果 ==>> {"code":200,"message":null,"data":{"token":"eyJhbGciOiJIUzUxMiJ9.eyJsb2dpbl91c2VyX2tleSI6IjRkZDQzZTViLTNiMjAtNDliNy04NjdmLTAwYTk5ODY5NWE2MiJ9.MzHfA5RgfgmHH_uGRciK337kspaSGnh_2oX_xjsfX5MfwpoUiLF7Y99O188MPA3AObw744ZIwquilYmR_SzUNA","litemallToken":null,"wecloudImToken":"eyJ0eXAiOiJKV1QiLCJhbGciOiJIUzI1NiJ9.eyJhdWQiOiJ3ZWIiLCJjbGllbnRJZCI6IjQ3ODU3NTI1OTMxNzU3MyIsImlzcyI6IndlY2xvdWRfaW0iLCJhcHBLZXkiOiJRcU5kMEVuMEJFUEphRXozIiwiZXhwIjoxNzU1OTgwMjA3LCJpYXQiOjE3MDYwMDExOTksInBsYXRmb3JtIjo1LCJqdGkiOiJmZmIwNDY4NjJmYjU0NDAxYmU5NDRkOGQxZDkwODg0ZiJ9.pBthR3N4eLpRpUEf8xprQwHp-glQxjPFlhQDqcZduKE","userInfo":{"userId":"478575259317573","idNumber":"N2G05H1M6","phone":"16628721","areaCode":null,"dialCode":"855","email":"hok*****@163.com","sex":"WOMAN","headPortrait":"https://oss-test.metathought.cc/mos-forever/u-avatar/573/317/478575259317573","nickname":"s21737363663737373737383838373","firstName":"s21737363663737373737383838373","lastName":"","descriptor":"","vip":null,"serviceMan":false,"birthdate":"2000-01-01","age":0,"height":0,"weight":0,"city":"","constellation":"","job":"","realNameAuthentication":false,"realPersonAuthentication":false,"phoneAuthentication":true,"pinNumber":"","isOpenPin":false,"isFaceDetect":false,"pinSize":0,"accountOpen":true,"autoTranslation":false,"translationLanguage":"en","canEditIdNumber":false,"isFreeze":false},"loginTimestamp":1706001199784}}
[2024-01-23 17:13:19,484][test_login_page.py 33][INFO]: *************** 结束执行用例 ***************
[2024-01-23 17:13:19,490][test_login_page.py 24][INFO]: *************** 开始执行用例 ***************
[2024-01-23 17:13:19,490][test_login_page.py 13][INFO]: 步骤1 ==>> 密码登录
[2024-01-23 17:13:20,046][login.py 53][INFO]: 登录用户 ==>> 返回结果 ==>> {"code":500,"message":"密码错误","data":null}
[2024-01-23 17:13:20,047][test_login_page.py 33][INFO]: *************** 结束执行用例 ***************
[2024-01-23 17:13:20,052][test_login_page.py 24][INFO]: *************** 开始执行用例 ***************
[2024-01-23 17:13:20,052][test_login_page.py 13][INFO]: 步骤1 ==>> 密码登录
[2024-01-23 17:13:20,632][login.py 53][INFO]: 登录用户 ==>> 返回结果 ==>> {"code":500,"message":"密码错误","data":null}
[2024-01-23 22:30:49,848][read_data.py 41][INFO]: 加载 /Users/su/Projects/PycharmProjects/TestAutoApi/common/conf.yaml 文件......
[2024-01-23 22:30:49,850][read_data.py 49][INFO]: 读到数据 ==>>  {'host': {'api_test': 'https://mos-test.metathought.cc'}, 'mysql_db': {'switch': None, 'host': None, 'user': None, 'password': None, 'port': None}} 
[2024-01-23 22:30:49,850][read_data.py 41][INFO]: 加载 /Users/su/Projects/PycharmProjects/TestAutoApi/data/Login/test_login.yaml 文件......
[2024-01-23 22:30:49,853][read_data.py 49][INFO]: 读到数据 ==>>  {'test_password_login': [{'detail': '正常登录', 'req_data': {'dialCode': 855, 'password': 'flgpGS1oMqfvM4ewFrQSBg==', 'phone': '16628721', 'deviceType': 5}, 'except_code': 200, 'except_msg': None}, {'detail': '密码错误登录', 'req_data': {'dialCode': 855, 'password': 'sfsfdsdfsf', 'phone': '16628721', 'deviceType': 5}, 'except_code': 500, 'except_msg': '密码错误'}, {'detail': '正常登录', 'req_data': {'dialCode': 855, 'password': 'sfsfdsdfsdfsf', 'phone': '16628721', 'deviceType': 5}, 'except_code': 200, 'except_msg': None}]} 
[2024-01-23 22:31:43,155][read_data.py 41][INFO]: 加载 /Users/su/Projects/PycharmProjects/TestAutoApi/common/conf.yaml 文件......
[2024-01-23 22:31:43,157][read_data.py 49][INFO]: 读到数据 ==>>  {'host': {'api_test': 'https://mos-test.metathought.cc'}, 'mysql_db': {'switch': None, 'host': None, 'user': None, 'password': None, 'port': None}} 
[2024-01-23 22:31:43,157][read_data.py 41][INFO]: 加载 /Users/su/Projects/PycharmProjects/TestAutoApi/data/Login/test_login.yaml 文件......
[2024-01-23 22:31:43,159][read_data.py 49][INFO]: 读到数据 ==>>  {'test_password_login': [{'detail': '正常登录', 'req_data': {'dialCode': 855, 'password': 'flgpGS1oMqfvM4ewFrQSBg==', 'phone': '16628721', 'deviceType': 5}, 'except_code': 200, 'except_msg': None}, {'detail': '密码错误登录', 'req_data': {'dialCode': 855, 'password': 'sfsfdsdfsf', 'phone': '16628721', 'deviceType': 5}, 'except_code': 500, 'except_msg': '密码错误'}, {'detail': '正常登录', 'req_data': {'dialCode': 855, 'password': 'sfsfdsdfsdfsf', 'phone': '16628721', 'deviceType': 5}, 'except_code': 200, 'except_msg': None}]} 
[2024-01-23 22:32:41,916][read_data.py 41][INFO]: 加载 /Users/su/Projects/PycharmProjects/TestAutoApi/common/conf.yaml 文件......
[2024-01-23 22:32:41,917][read_data.py 49][INFO]: 读到数据 ==>>  {'host': {'api_test': 'https://mos-test.metathought.cc'}, 'mysql_db': {'switch': None, 'host': None, 'user': None, 'password': None, 'port': None}} 
[2024-01-23 22:32:41,918][read_data.py 41][INFO]: 加载 /Users/su/Projects/PycharmProjects/TestAutoApi/data/Login/test_login.yaml 文件......
[2024-01-23 22:32:41,920][read_data.py 49][INFO]: 读到数据 ==>>  {'test_password_login': [{'detail': '正常登录', 'req_data': {'dialCode': 855, 'password': 'flgpGS1oMqfvM4ewFrQSBg==', 'phone': '16628721', 'deviceType': 5}, 'except_code': 200, 'except_msg': None}, {'detail': '密码错误登录', 'req_data': {'dialCode': 855, 'password': 'sfsfdsdfsf', 'phone': '16628721', 'deviceType': 5}, 'except_code': 500, 'except_msg': '密码错误'}, {'detail': '正常登录', 'req_data': {'dialCode': 855, 'password': 'sfsfdsdfsdfsf', 'phone': '16628721', 'deviceType': 5}, 'except_code': 200, 'except_msg': None}]} 
[2024-01-23 22:32:41,927][test_login_page.py 24][INFO]: *************** 开始执行用例 ***************
[2024-01-23 22:32:41,927][test_login_page.py 13][INFO]: 步骤1 ==>> 密码登录
[2024-01-23 22:32:43,300][login.py 54][INFO]: 登录用户 ==>> 返回结果 ==>> {"code":200,"message":null,"data":{"token":"eyJhbGciOiJIUzUxMiJ9.eyJsb2dpbl91c2VyX2tleSI6ImI2MzIwNDk2LTkxOWMtNGMwNi1hNGYxLTg1MWU1MGEwNjA0YSJ9.y2aFzer3La9gLrAlzrj70zF7UZlfKr8ClDJuq2Jk1LEpV7DD9ViyYGzV02EFb6HhLWSeSQETuzmi1OJPI309OA","litemallToken":null,"wecloudImToken":"eyJ0eXAiOiJKV1QiLCJhbGciOiJIUzI1NiJ9.eyJhdWQiOiJ3ZWIiLCJjbGllbnRJZCI6IjQ3ODU3NTI1OTMxNzU3MyIsImlzcyI6IndlY2xvdWRfaW0iLCJhcHBLZXkiOiJRcU5kMEVuMEJFUEphRXozIiwiZXhwIjoxNzU1OTk5MzcxLCJpYXQiOjE3MDYwMjAzNjMsInBsYXRmb3JtIjo1LCJqdGkiOiI0OTJlZDY0NDM2ZTY0ZDE0YjRhM2Q5OTM4ZWVlZDk4ZCJ9.123jwC13-W6G9XwrtDMuVB2Fb5hqd5Hryh98JFBgtQU","userInfo":{"userId":"478575259317573","idNumber":"N2G05H1M6","phone":"16628721","areaCode":null,"dialCode":"855","email":"hok*****@163.com","sex":"WOMAN","headPortrait":"https://oss-test.metathought.cc/mos-forever/u-avatar/573/317/478575259317573","nickname":"s21737363663737373737383838373","firstName":"s21737363663737373737383838373","lastName":"","descriptor":"","vip":null,"serviceMan":false,"birthdate":"2000-01-01","age":0,"height":0,"weight":0,"city":"","constellation":"","job":"","realNameAuthentication":false,"realPersonAuthentication":false,"phoneAuthentication":true,"pinNumber":"","isOpenPin":false,"isFaceDetect":false,"pinSize":0,"accountOpen":true,"autoTranslation":false,"translationLanguage":"en","canEditIdNumber":false,"isFreeze":false},"loginTimestamp":1706020363321}}
[2024-01-23 22:32:43,301][test_login_page.py 33][INFO]: *************** 结束执行用例 ***************
[2024-01-23 22:32:43,307][test_login_page.py 24][INFO]: *************** 开始执行用例 ***************
[2024-01-23 22:32:43,308][test_login_page.py 13][INFO]: 步骤1 ==>> 密码登录
[2024-01-23 22:32:43,769][login.py 54][INFO]: 登录用户 ==>> 返回结果 ==>> {"code":500,"message":"密码错误","data":null}
[2024-01-23 22:32:43,770][test_login_page.py 33][INFO]: *************** 结束执行用例 ***************
[2024-01-23 22:32:43,774][test_login_page.py 24][INFO]: *************** 开始执行用例 ***************
[2024-01-23 22:32:43,774][test_login_page.py 13][INFO]: 步骤1 ==>> 密码登录
[2024-01-23 22:32:44,337][login.py 54][INFO]: 登录用户 ==>> 返回结果 ==>> {"code":500,"message":"密码错误","data":null}
